<?xml version="1.0" encoding="UTF-8"?>
<testsuite name="com.agustin.converter.ExampleUnitTest" tests="1" skipped="0" failures="0" errors="0" timestamp="2025-09-08T01:28:19" hostname="pkrvm7jw40e0xgp" time="0.003">
  <properties/>
  <testcase name="addition_isCorrect" classname="com.agustin.converter.ExampleUnitTest" time="0.003"/>
  <system-out><![CDATA[]]></system-out>
  <system-err><![CDATA[]]></system-err>
</testsuite>
