<?xml version='1.0' encoding='UTF-8' ?>
<testsuite name="com.agustin.converter.ExampleInstrumentedTest" tests="3" failures="0" errors="0" skipped="0" time="72.648" timestamp="2025-09-08T02:12:44" hostname="localhost">
  <properties>
    <property name="device" value="test(AVD) - 14" />
    <property name="flavor" value="" />
    <property name="project" value=":app" />
  </properties>
  <testcase name="useAppContext" classname="com.agustin.converter.ExampleInstrumentedTest" time="0.04" />
  <testcase name="fakeRepoIsUsed" classname="com.agustin.converter.di.HiltIntegrationTest" time="1.344" />
  <testcase name="convertsCelsiusToFahrenheit_defaultDropdowns" classname="com.agustin.converter.ui.ComposeConversionTest" time="61.222" />
</testsuite>